2025-07-22 15:56:20,190 - __main__ - INFO - AutonomousServerLauncher initialized - Operation ID: autonomous_op_1753224980
2025-07-22 15:56:20,190 - __main__ - INFO - Operation period: 2025-07-22 15:56:20.190020 to 2025-08-05 15:56:20.190020
2025-07-22 15:56:20,198 - __main__ - INFO - ============================================================
2025-07-22 15:56:20,199 - __main__ - INFO - AutoPilot Ventures - 2-Week Autonomous Operation
2025-07-22 15:56:20,199 - __main__ - INFO - Start: 2025-07-22 15:56:20.190020
2025-07-22 15:56:20,199 - __main__ - INFO - End: 2025-08-05 15:56:20.190020
2025-07-22 15:56:20,200 - __main__ - INFO - Duration: 14 days
2025-07-22 15:56:20,200 - __main__ - INFO - Mode: 100% Autonomous - Zero Human Intervention
2025-07-22 15:56:20,200 - __main__ - INFO - ============================================================
2025-07-22 15:56:20,207 - integrate_phase1 - INFO - Initialized 11 learning agents
2025-07-22 15:56:20,214 - integrate_phase2_simple - INFO - Workflow registered: autonomous_business_creation with 4 steps
2025-07-22 15:56:20,215 - integrate_phase2_simple - INFO - Workflow registered: revenue_optimization with 2 steps
2025-07-22 15:56:22,638 - phase3_advanced_intelligence - INFO - DynamicDecisionTree initialized with max_depth=10
2025-07-22 15:56:22,638 - phase3_advanced_intelligence - INFO - CrossVentureLearning initialized
2025-07-22 15:56:22,638 - phase3_advanced_intelligence - INFO - PredictiveAnalytics initialized
2025-07-22 15:56:22,639 - phase3_advanced_intelligence - INFO - Phase 3 Advanced Intelligence systems initialized successfully
2025-07-22 15:56:22,644 - phase3_advanced_intelligence - INFO - Decision trees trained - Accuracy: 1.000, MSE: 1264231.28
2025-07-22 15:56:22,644 - integrate_phase3 - INFO - Dynamic decision tree trained: {'accuracy': 1.0, 'mse': np.float64(1264231.276111364)}
2025-07-22 15:56:22,645 - phase3_advanced_intelligence - INFO - Venture data added: venture_0_1753224982
2025-07-22 15:56:22,645 - phase3_advanced_intelligence - INFO - Venture data added: venture_1_1753224982
2025-07-22 15:56:22,645 - phase3_advanced_intelligence - INFO - Venture data added: venture_2_1753224982
2025-07-22 15:56:22,645 - phase3_advanced_intelligence - INFO - Venture data added: venture_3_1753224982
2025-07-22 15:56:22,645 - phase3_advanced_intelligence - INFO - Venture data added: venture_4_1753224982
2025-07-22 15:56:22,645 - phase3_advanced_intelligence - INFO - Venture data added: venture_5_1753224982
2025-07-22 15:56:22,645 - phase3_advanced_intelligence - INFO - Venture data added: venture_6_1753224982
2025-07-22 15:56:22,646 - phase3_advanced_intelligence - INFO - Venture data added: venture_7_1753224982
2025-07-22 15:56:22,646 - phase3_advanced_intelligence - INFO - Venture data added: venture_8_1753224982
2025-07-22 15:56:22,646 - phase3_advanced_intelligence - INFO - Venture data added: venture_9_1753224982
2025-07-22 15:56:22,646 - phase3_advanced_intelligence - INFO - Venture data added: venture_10_1753224982
2025-07-22 15:56:22,646 - phase3_advanced_intelligence - INFO - Venture data added: venture_11_1753224982
2025-07-22 15:56:22,646 - phase3_advanced_intelligence - INFO - Venture data added: venture_12_1753224982
2025-07-22 15:56:22,646 - phase3_advanced_intelligence - INFO - Venture data added: venture_13_1753224982
2025-07-22 15:56:22,646 - phase3_advanced_intelligence - INFO - Venture data added: venture_14_1753224982
2025-07-22 15:56:22,647 - phase3_advanced_intelligence - INFO - Venture data added: venture_15_1753224982
2025-07-22 15:56:22,647 - phase3_advanced_intelligence - INFO - Venture data added: venture_16_1753224982
2025-07-22 15:56:22,647 - phase3_advanced_intelligence - INFO - Venture data added: venture_17_1753224982
2025-07-22 15:56:22,647 - phase3_advanced_intelligence - INFO - Venture data added: venture_18_1753224982
2025-07-22 15:56:22,647 - phase3_advanced_intelligence - INFO - Venture data added: venture_19_1753224982
2025-07-22 15:56:22,647 - phase3_advanced_intelligence - INFO - Venture data added: venture_20_1753224982
2025-07-22 15:56:22,647 - phase3_advanced_intelligence - INFO - Venture data added: venture_21_1753224982
2025-07-22 15:56:22,647 - phase3_advanced_intelligence - INFO - Venture data added: venture_22_1753224982
2025-07-22 15:56:22,647 - phase3_advanced_intelligence - INFO - Venture data added: venture_23_1753224982
2025-07-22 15:56:22,648 - phase3_advanced_intelligence - INFO - Venture data added: venture_24_1753224982
2025-07-22 15:56:22,648 - phase3_advanced_intelligence - INFO - Venture data added: venture_25_1753224982
2025-07-22 15:56:22,648 - phase3_advanced_intelligence - INFO - Venture data added: venture_26_1753224982
2025-07-22 15:56:22,648 - phase3_advanced_intelligence - INFO - Venture data added: venture_27_1753224982
2025-07-22 15:56:22,648 - phase3_advanced_intelligence - INFO - Venture data added: venture_28_1753224982
2025-07-22 15:56:22,648 - phase3_advanced_intelligence - INFO - Venture data added: venture_29_1753224982
2025-07-22 15:56:22,648 - phase3_advanced_intelligence - INFO - Venture data added: venture_30_1753224982
2025-07-22 15:56:22,649 - phase3_advanced_intelligence - INFO - Venture data added: venture_31_1753224982
2025-07-22 15:56:22,649 - phase3_advanced_intelligence - INFO - Venture data added: venture_32_1753224982
2025-07-22 15:56:22,649 - phase3_advanced_intelligence - INFO - Venture data added: venture_33_1753224982
2025-07-22 15:56:22,649 - phase3_advanced_intelligence - INFO - Venture data added: venture_34_1753224982
2025-07-22 15:56:22,649 - phase3_advanced_intelligence - INFO - Venture data added: venture_35_1753224982
2025-07-22 15:56:22,649 - phase3_advanced_intelligence - INFO - Venture data added: venture_36_1753224982
2025-07-22 15:56:22,649 - phase3_advanced_intelligence - INFO - Venture data added: venture_37_1753224982
2025-07-22 15:56:22,649 - phase3_advanced_intelligence - INFO - Venture data added: venture_38_1753224982
2025-07-22 15:56:22,650 - phase3_advanced_intelligence - INFO - Venture data added: venture_39_1753224982
2025-07-22 15:56:22,650 - phase3_advanced_intelligence - INFO - Venture data added: venture_40_1753224982
2025-07-22 15:56:22,650 - phase3_advanced_intelligence - INFO - Venture data added: venture_41_1753224982
2025-07-22 15:56:22,650 - phase3_advanced_intelligence - INFO - Venture data added: venture_42_1753224982
2025-07-22 15:56:22,650 - phase3_advanced_intelligence - INFO - Venture data added: venture_43_1753224982
2025-07-22 15:56:22,650 - phase3_advanced_intelligence - INFO - Venture data added: venture_44_1753224982
2025-07-22 15:56:22,651 - phase3_advanced_intelligence - INFO - Venture data added: venture_45_1753224982
2025-07-22 15:56:22,651 - phase3_advanced_intelligence - INFO - Venture data added: venture_46_1753224982
2025-07-22 15:56:22,651 - phase3_advanced_intelligence - INFO - Venture data added: venture_47_1753224982
2025-07-22 15:56:22,651 - phase3_advanced_intelligence - INFO - Venture data added: venture_48_1753224982
2025-07-22 15:56:22,651 - phase3_advanced_intelligence - INFO - Venture data added: venture_49_1753224982
2025-07-22 15:56:22,896 - phase3_advanced_intelligence - INFO - Forecast models trained - Success Accuracy: 1.000, Revenue MSE: 931713.99
2025-07-22 15:56:22,897 - integrate_phase3 - INFO - Predictive analytics trained: {'accuracy': 1.0, 'mse': np.float64(931713.9864704593)}
2025-07-22 15:56:22,929 - integrate_phase2_simple - INFO - Starting workflow execution: exec_1753224982
2025-07-22 15:56:33,703 - phase3_advanced_intelligence - INFO - Decision trees optimized
2025-07-22 15:56:33,709 - __main__ - INFO -    - Success Rate: 100.00%
2025-07-22 15:56:33,710 - __main__ - INFO -    - Revenue Generated: $0.00
2025-07-22 15:56:33,710 - __main__ - INFO -    - Businesses Created: 0
2025-07-22 15:56:33,710 - __main__ - INFO -    - Uptime: 0.0 hours
2025-07-22 16:01:21,741 - integrate_phase2_simple - INFO - Starting workflow execution: exec_1753225281
2025-07-22 16:01:31,457 - phase3_advanced_intelligence - INFO - Decision trees optimized
2025-07-22 16:01:31,463 - __main__ - INFO -    - Success Rate: 100.00%
2025-07-22 16:01:31,463 - __main__ - INFO -    - Revenue Generated: $0.00
2025-07-22 16:01:31,463 - __main__ - INFO -    - Businesses Created: 0
2025-07-22 16:01:31,464 - __main__ - INFO -    - Uptime: 0.1 hours
2025-07-22 16:06:28,483 - integrate_phase2_simple - INFO - Starting workflow execution: exec_1753225588
2025-07-22 16:06:36,764 - phase3_advanced_intelligence - INFO - Decision trees optimized
2025-07-22 16:06:36,770 - __main__ - INFO -    - Success Rate: 100.00%
2025-07-22 16:06:36,770 - __main__ - INFO -    - Revenue Generated: $0.00
2025-07-22 16:06:36,771 - __main__ - INFO -    - Businesses Created: 0
2025-07-22 16:06:36,771 - __main__ - INFO -    - Uptime: 0.2 hours
2025-07-22 16:11:36,795 - integrate_phase2_simple - INFO - Starting workflow execution: exec_1753225896
2025-07-22 16:11:54,150 - phase3_advanced_intelligence - INFO - Decision trees optimized
2025-07-22 16:11:54,154 - __main__ - INFO -    - Success Rate: 100.00%
2025-07-22 16:11:54,154 - __main__ - INFO -    - Revenue Generated: $0.00
2025-07-22 16:11:54,154 - __main__ - INFO -    - Businesses Created: 0
2025-07-22 16:11:54,154 - __main__ - INFO -    - Uptime: 0.3 hours
